Using pre-set license
Built from '2022.3/staging' branch; Version is '2022.3.22f1 (887be4894c44) revision 8944612'; Using compiler version '192829333'; Build Type 'Release'
OS: 'Windows 11  (10.0.22631) 64bit Core' Language: 'en' Physical Memory: 130989 MB
BatchMode: 1, IsHumanControllingUs: 0, StartBugReporterOnCrash: 0, Is64bit: 1, IsPro: 1

COMMAND LINE ARGUMENTS:
C:\Program Files\Unity\Hub\Editor\2022.3.22f1\Editor\Unity.exe
-adb2
-batchMode
-noUpm
-name
AssetImportWorker4
-projectPath
D:/school/GPE205Fall24/Tank/newGPE205/FreshStart
-logFile
Logs/AssetImportWorker4.log
-srvPort
51192
Successfully changed project path to: D:/school/GPE205Fall24/Tank/newGPE205/FreshStart
D:/school/GPE205Fall24/Tank/newGPE205/FreshStart
[UnityMemory] Configuration Parameters - Can be set up in boot.config
    "memorysetup-bucket-allocator-granularity=16"
    "memorysetup-bucket-allocator-bucket-count=8"
    "memorysetup-bucket-allocator-block-size=33554432"
    "memorysetup-bucket-allocator-block-count=8"
    "memorysetup-main-allocator-block-size=16777216"
    "memorysetup-thread-allocator-block-size=16777216"
    "memorysetup-gfx-main-allocator-block-size=16777216"
    "memorysetup-gfx-thread-allocator-block-size=16777216"
    "memorysetup-cache-allocator-block-size=4194304"
    "memorysetup-typetree-allocator-block-size=2097152"
    "memorysetup-profiler-bucket-allocator-granularity=16"
    "memorysetup-profiler-bucket-allocator-bucket-count=8"
    "memorysetup-profiler-bucket-allocator-block-size=33554432"
    "memorysetup-profiler-bucket-allocator-block-count=8"
    "memorysetup-profiler-allocator-block-size=16777216"
    "memorysetup-profiler-editor-allocator-block-size=1048576"
    "memorysetup-temp-allocator-size-main=16777216"
    "memorysetup-job-temp-allocator-block-size=2097152"
    "memorysetup-job-temp-allocator-block-size-background=1048576"
    "memorysetup-job-temp-allocator-reduction-small-platforms=262144"
    "memorysetup-allocator-temp-initial-block-size-main=262144"
    "memorysetup-allocator-temp-initial-block-size-worker=262144"
    "memorysetup-temp-allocator-size-background-worker=32768"
    "memorysetup-temp-allocator-size-job-worker=262144"
    "memorysetup-temp-allocator-size-preload-manager=33554432"
    "memorysetup-temp-allocator-size-nav-mesh-worker=65536"
    "memorysetup-temp-allocator-size-audio-worker=65536"
    "memorysetup-temp-allocator-size-cloud-worker=32768"
    "memorysetup-temp-allocator-size-gi-baking-worker=262144"
    "memorysetup-temp-allocator-size-gfx=262144"
Player connection [33376] Host "[IP] 192.168.50.111 [Port] 0 [Flags] 2 [Guid] 2981067416 [EditorId] 2981067416 [Version] 1048832 [Id] WindowsEditor(7,VRPC) [Debug] 1 [PackageName] WindowsEditor [ProjectName] Editor" joined multi-casting on [225.0.0.222:54997]...

Player connection [33376] Host "[IP] 192.168.50.111 [Port] 0 [Flags] 2 [Guid] 2981067416 [EditorId] 2981067416 [Version] 1048832 [Id] WindowsEditor(7,VRPC) [Debug] 1 [PackageName] WindowsEditor [ProjectName] Editor" joined alternative multi-casting on [225.0.0.222:34997]...

[Physics::Module] Initialized MultithreadedJobDispatcher with 31 workers.
Refreshing native plugins compatible for Editor in 9.38 ms, found 3 plugins.
Preloading 0 native plugins for Editor in 0.00 ms.
Initialize engine version: 2022.3.22f1 (887be4894c44)
[Subsystems] Discovering subsystems at path C:/Program Files/Unity/Hub/Editor/2022.3.22f1/Editor/Data/Resources/UnitySubsystems
[Subsystems] Discovering subsystems at path D:/school/GPE205Fall24/Tank/newGPE205/FreshStart/Assets
GfxDevice: creating device client; threaded=0; jobified=0
Direct3D:
    Version:  Direct3D 11.0 [level 11.1]
    Renderer: NVIDIA GeForce RTX 3090 Ti (ID=0x2203)
    Vendor:   NVIDIA
    VRAM:     22783 MB
    Driver:   32.0.15.6603
Shader '.poiyomi/Old Versions/Patreon/Tessellation/Outlines Cutout': fallback shader 'Toon/Lit Cutout (Double)' not found
Shader '.poiyomi/Old Versions/Patreon/Particle2/Transparent': fallback shader 'Toon/Lit Cutout (Double)' not found
Shader '.poiyomi/Old Versions/Patreon/Wireframe Cutout': fallback shader 'Toon/Lit Cutout (Double)' not found
Shader '.poiyomi/Old Versions/Patreon/Particle2/Cutout': fallback shader 'Toon/Lit Cutout (Double)' not found
Shader '.poiyomi/Old Versions/Patreon/Tessellation/Cutout': fallback shader 'Toon/Lit Cutout (Double)' not found
Shader '.poiyomi/Old Versions/Patreon/Wireframe Transparent': fallback shader 'Toon/Lit Cutout (Double)' not found
Shader '.poiyomi/Old Versions/Patreon/Particle2/Outline Cutout': fallback shader 'Toon/Lit Cutout (Double)' not found
Shader '.poiyomi/Old Versions/Patreon/Particle2/Outline Transparent': fallback shader 'Toon/Lit Cutout (Double)' not found
Shader '.poiyomi/Old Versions/Patreon/Tessellation/Transparent': fallback shader 'Toon/Lit Cutout (Double)' not found
Initialize mono
Mono path[0] = 'C:/Program Files/Unity/Hub/Editor/2022.3.22f1/Editor/Data/Managed'
Mono path[1] = 'C:/Program Files/Unity/Hub/Editor/2022.3.22f1/Editor/Data/MonoBleedingEdge/lib/mono/unityjit-win32'
Mono config path = 'C:/Program Files/Unity/Hub/Editor/2022.3.22f1/Editor/Data/MonoBleedingEdge/etc'
Using monoOptions --debugger-agent=transport=dt_socket,embedding=1,server=y,suspend=n,address=127.0.0.1:56988
Begin MonoManager ReloadAssembly
Registering precompiled unity dll's ...
Register platform support module: C:/Program Files/Unity/Hub/Editor/2022.3.22f1/Editor/Data/PlaybackEngines/AndroidPlayer/UnityEditor.Android.Extensions.dll
Register platform support module: C:/Program Files/Unity/Hub/Editor/2022.3.22f1/Editor/Data/PlaybackEngines/WindowsStandaloneSupport/UnityEditor.WindowsStandalone.Extensions.dll
Registered in 0.013265 seconds.
- Loaded All Assemblies, in  0.723 seconds
Native extension for WindowsStandalone target not found
Native extension for Android target not found
Mono: successfully reloaded assembly
- Finished resetting the current domain, in  0.274 seconds
Domain Reload Profiling: 995ms
	BeginReloadAssembly (168ms)
		ExecutionOrderSort (0ms)
		DisableScriptedObjects (0ms)
		BackupInstance (0ms)
		ReleaseScriptingObjects (0ms)
		CreateAndSetChildDomain (1ms)
	RebuildCommonClasses (171ms)
	RebuildNativeTypeToScriptingClass (9ms)
	initialDomainReloadingComplete (73ms)
	LoadAllAssembliesAndSetupDomain (299ms)
		LoadAssemblies (166ms)
		RebuildTransferFunctionScriptingTraits (0ms)
		AnalyzeDomain (296ms)
			TypeCache.Refresh (295ms)
				TypeCache.ScanAssembly (282ms)
			ScanForSourceGeneratedMonoScriptInfo (0ms)
			ResolveRequiredComponents (0ms)
	FinalizeReload (274ms)
		ReleaseScriptCaches (0ms)
		RebuildScriptCaches (0ms)
		SetupLoadedEditorAssemblies (229ms)
			LogAssemblyErrors (0ms)
			InitializePlatformSupportModulesInManaged (83ms)
			SetLoadedEditorAssemblies (4ms)
			RefreshPlugins (0ms)
			BeforeProcessingInitializeOnLoad (2ms)
			ProcessInitializeOnLoadAttributes (102ms)
			ProcessInitializeOnLoadMethodAttributes (38ms)
			AfterProcessingInitializeOnLoad (0ms)
			EditorAssembliesLoaded (0ms)
		ExecutionOrderSort2 (0ms)
		AwakeInstancesAfterBackupRestoration (0ms)
========================================================================
Worker process is ready to serve import requests
Begin MonoManager ReloadAssembly
- Loaded All Assemblies, in  0.602 seconds
Refreshing native plugins compatible for Editor in 1.83 ms, found 3 plugins.
Native extension for WindowsStandalone target not found
Native extension for Android target not found
Package Manager log level set to [2]
[Package Manager] Server::EnsureServerProcessIsRunning -- launch failed, reason: Unity was launched with the -noUpm command-line argument
[Package Manager] UpmClient::Send -- Unable to send message (not connected to UPM process).
[Package Manager] Cannot connect to Unity Package Manager local server
Mono: successfully reloaded assembly
- Finished resetting the current domain, in  0.575 seconds
Domain Reload Profiling: 1176ms
	BeginReloadAssembly (138ms)
		ExecutionOrderSort (0ms)
		DisableScriptedObjects (4ms)
		BackupInstance (0ms)
		ReleaseScriptingObjects (0ms)
		CreateAndSetChildDomain (34ms)
	RebuildCommonClasses (25ms)
	RebuildNativeTypeToScriptingClass (8ms)
	initialDomainReloadingComplete (34ms)
	LoadAllAssembliesAndSetupDomain (396ms)
		LoadAssemblies (262ms)
		RebuildTransferFunctionScriptingTraits (0ms)
		AnalyzeDomain (205ms)
			TypeCache.Refresh (187ms)
				TypeCache.ScanAssembly (174ms)
			ScanForSourceGeneratedMonoScriptInfo (13ms)
			ResolveRequiredComponents (4ms)
	FinalizeReload (576ms)
		ReleaseScriptCaches (0ms)
		RebuildScriptCaches (0ms)
		SetupLoadedEditorAssemblies (445ms)
			LogAssemblyErrors (0ms)
			InitializePlatformSupportModulesInManaged (25ms)
			SetLoadedEditorAssemblies (3ms)
			RefreshPlugins (0ms)
			BeforeProcessingInitializeOnLoad (74ms)
			ProcessInitializeOnLoadAttributes (308ms)
			ProcessInitializeOnLoadMethodAttributes (27ms)
			AfterProcessingInitializeOnLoad (7ms)
			EditorAssembliesLoaded (0ms)
		ExecutionOrderSort2 (0ms)
		AwakeInstancesAfterBackupRestoration (5ms)
Shader '.poiyomi/Old Versions/Patreon/Tessellation/Outlines Cutout': fallback shader 'Toon/Lit Cutout (Double)' not found
Shader '.poiyomi/Old Versions/Patreon/Tessellation/Transparent': fallback shader 'Toon/Lit Cutout (Double)' not found
Shader '.poiyomi/Old Versions/Patreon/Particle2/Outline Transparent': fallback shader 'Toon/Lit Cutout (Double)' not found
Shader '.poiyomi/Old Versions/Patreon/Wireframe Cutout': fallback shader 'Toon/Lit Cutout (Double)' not found
Shader '.poiyomi/Old Versions/Patreon/Tessellation/Cutout': fallback shader 'Toon/Lit Cutout (Double)' not found
Shader '.poiyomi/Old Versions/Patreon/Particle2/Transparent': fallback shader 'Toon/Lit Cutout (Double)' not found
Shader '.poiyomi/Old Versions/Patreon/Wireframe Transparent': fallback shader 'Toon/Lit Cutout (Double)' not found
Shader '.poiyomi/Old Versions/Patreon/Particle2/Outline Cutout': fallback shader 'Toon/Lit Cutout (Double)' not found
Shader '.poiyomi/Old Versions/Patreon/Particle2/Cutout': fallback shader 'Toon/Lit Cutout (Double)' not found
Launched and connected shader compiler UnityShaderCompiler.exe after 0.13 seconds
Refreshing native plugins compatible for Editor in 5.27 ms, found 3 plugins.
Preloading 0 native plugins for Editor in 0.00 ms.
Unloading 3298 Unused Serialized files (Serialized files now loaded: 0)
Unloading 34 unused Assets / (168.6 KB). Loaded Objects now: 3763.
Memory consumption went from 406.8 MB to 406.6 MB.
Total: 50.327400 ms (FindLiveObjects: 0.906700 ms CreateObjectMapping: 0.219100 ms MarkObjects: 48.894700 ms  DeleteObjects: 0.304500 ms)

AssetImportParameters requested are different than current active one (requested -> active):
  custom:container-demuxer-ogg: 62fdf1f143b41e24485cea50d1cbac27 -> 
  custom:video-codec-MediaFoundation-h265: 746d11721c4dcdbdad8f713fa42b33f4 -> 
  custom:video-decoder-ogg-theora: a1e56fd34408186e4bbccfd4996cb3dc -> 
  custom:framework-win-MediaFoundation: 216162199b28c13a410421893ffa2e32 -> 
  custom:CustomObjectIndexerAttribute: 9a22284fe3817be447336de3de66b15e -> 
  custom:container-demuxer-webm: 4f35f7cbe854078d1ac9338744f61a02 -> 
  custom:container-muxer-webm: aa71ff27fc2769a1b78a27578f13a17b -> 
  custom:video-decoder-webm-vp8: 9c59270c3fd7afecdb556c50c9e8de78 -> 
  custom:SearchIndexIgnoredProperties: e643bd26f0fe6173181afceb89e7c659 -> 
  custom:AudioImporter_EditorPlatform: d09bf68614088b80899f8185d706f6e7 -> 
  custom:video-encoder-webm-vp8: eb34c28f22e8b96e1ab97ce403110664 -> 
  custom:audio-decoder-ogg-vorbis: bf7c407c2cedff20999df2af8eb42d56 -> 
  custom:audio-encoder-webm-vorbis: bf7c407c2cedff20999df2af8eb42d56 -> 
========================================================================
Received Import Request.
  Time since last request: 11083.801161 seconds.
  path: Assets/Thirdparty/Ciathyza/Gridbox Prototype Materials/Textures/prototype_512x512_white.png
  artifactKey: Guid(9397418d1d7b12543bf27fb61b93bbea) Importer(2089858483,0ecaa5967403d082aa24f35e1b516d23)
Start importing Assets/Thirdparty/Ciathyza/Gridbox Prototype Materials/Textures/prototype_512x512_white.png using Guid(9397418d1d7b12543bf27fb61b93bbea) Importer(2089858483,0ecaa5967403d082aa24f35e1b516d23)  -> (artifact id: 'd64e7224f969387ceb60fca5ec453868') in 0.780510 seconds
Number of updated asset objects reloaded before import = 0
Number of asset objects unloaded after import = 1
========================================================================
Received Import Request.
  Time since last request: 0.000075 seconds.
  path: Assets/_PoiyomiShaders/ModularShader/Editor/Poi_UIBoilerPlate/VRLM_UIBoilerPlateGrabPass.asset
  artifactKey: Guid(6bcededc07248644e8ef373a48e0e68b) Importer(2089858483,0ecaa5967403d082aa24f35e1b516d23)
Start importing Assets/_PoiyomiShaders/ModularShader/Editor/Poi_UIBoilerPlate/VRLM_UIBoilerPlateGrabPass.asset using Guid(6bcededc07248644e8ef373a48e0e68b) Importer(2089858483,0ecaa5967403d082aa24f35e1b516d23)  -> (artifact id: '4def924377cd5be0527cd2b5d6b97860') in 0.025178 seconds
Number of updated asset objects reloaded before import = 0
Number of asset objects unloaded after import = 11
========================================================================
Received Import Request.
  Time since last request: 0.000114 seconds.
  path: Assets/_PoiyomiShaders/Scripts/Editor/ModularShaderSystem/ModularShaderSystemDefinition.asmdef
  artifactKey: Guid(9a4c6debc6b05b24d87e13b68d68d9a3) Importer(2089858483,0ecaa5967403d082aa24f35e1b516d23)
Start importing Assets/_PoiyomiShaders/Scripts/Editor/ModularShaderSystem/ModularShaderSystemDefinition.asmdef using Guid(9a4c6debc6b05b24d87e13b68d68d9a3) Importer(2089858483,0ecaa5967403d082aa24f35e1b516d23)  -> (artifact id: 'b8d33f1c266b2875bc5a068b15f62214') in 0.011071 seconds
Number of updated asset objects reloaded before import = 0
Number of asset objects unloaded after import = 1
========================================================================
Received Import Request.
  Time since last request: 0.000031 seconds.
  path: Assets/_PoiyomiShaders/Presets/Shading/Lighting/MP_Lighting_ShadeMapping.mat
  artifactKey: Guid(0dfb68f3451a286408b0be70c899a6c2) Importer(2089858483,0ecaa5967403d082aa24f35e1b516d23)
Start importing Assets/_PoiyomiShaders/Presets/Shading/Lighting/MP_Lighting_ShadeMapping.mat using Guid(0dfb68f3451a286408b0be70c899a6c2) Importer(2089858483,0ecaa5967403d082aa24f35e1b516d23) Failed to create material drawer ThryRGBAPacker with arguments 'R Hue Mask, G Brightness Mask, B Saturation Mask'
UnityEngine.StackTraceUtility:ExtractStackTrace ()
UnityEngine.DebugLogHandler:LogFormat (UnityEngine.LogType,UnityEngine.Object,string,object[])
UnityEngine.Logger:LogFormat (UnityEngine.LogType,string,object[])
UnityEngine.Debug:LogWarningFormat (string,object[])
UnityEditor.MaterialPropertyHandler:GetShaderPropertyDrawer (string,bool&)
UnityEditor.MaterialPropertyHandler:GetShaderPropertyHandler (UnityEngine.Shader,string)
UnityEditor.MaterialPropertyHandler:GetHandler (UnityEngine.Shader,string)
UnityEditor.MaterialEditor:ApplyMaterialPropertyDrawers (UnityEngine.Object[])
UnityEditor.MaterialEditor:ApplyMaterialPropertyDrawersFromNative (UnityEngine.Material)
UnityEditor.ShaderUtil:GetMaterialProperties (UnityEngine.Object[])
UnityEditor.MaterialEditor:GetMaterialProperties (UnityEngine.Object[])
UnityEditor.Search.IndexerExtensions:MaterialShaderReferences (UnityEditor.Search.CustomObjectIndexerTarget,UnityEditor.Search.ObjectIndexer)
UnityEditor.Search.ObjectIndexer:CallCustomIndexers (string,int,UnityEngine.Object,UnityEditor.SerializedObject,bool)
UnityEditor.Search.ObjectIndexer:IndexCustomProperties (string,int,UnityEngine.Object)
UnityEditor.Search.AssetIndexer:IndexProperties (int&,string&,bool&)
UnityEditor.Search.AssetIndexer:IndexDocument (string,bool)
UnityEditor.Search.SearchIndexEntryImporter:OnImportAsset (UnityEditor.AssetImporters.AssetImportContext)
UnityEditor.AssetImporters.ScriptedImporter:GenerateAssetData (UnityEditor.AssetImporters.AssetImportContext)

Failed to create material drawer ThryRGBAPacker with arguments 'R, G, B, A, 0'
UnityEngine.StackTraceUtility:ExtractStackTrace ()
UnityEngine.DebugLogHandler:LogFormat (UnityEngine.LogType,UnityEngine.Object,string,object[])
UnityEngine.Logger:LogFormat (UnityEngine.LogType,string,object[])
UnityEngine.Debug:LogWarningFormat (string,object[])
UnityEditor.MaterialPropertyHandler:GetShaderPropertyDrawer (string,bool&)
UnityEditor.MaterialPropertyHandler:GetShaderPropertyHandler (UnityEngine.Shader,string)
UnityEditor.MaterialPropertyHandler:GetHandler (UnityEngine.Shader,string)
UnityEditor.MaterialEditor:ApplyMaterialPropertyDrawers (UnityEngine.Object[])
UnityEditor.MaterialEditor:ApplyMaterialPropertyDrawersFromNative (UnityEngine.Material)
UnityEditor.ShaderUtil:GetMaterialProperties (UnityEngine.Object[])
UnityEditor.MaterialEditor:GetMaterialProperties (UnityEngine.Object[])
UnityEditor.Search.IndexerExtensions:MaterialShaderReferences (UnityEditor.Search.CustomObjectIndexerTarget,UnityEditor.Search.ObjectIndexer)
UnityEditor.Search.ObjectIndexer:CallCustomIndexers (string,int,UnityEngine.Object,UnityEditor.SerializedObject,bool)
UnityEditor.Search.ObjectIndexer:IndexCustomProperties (string,int,UnityEngine.Object)
UnityEditor.Search.AssetIndexer:IndexProperties (int&,string&,bool&)
UnityEditor.Search.AssetIndexer:IndexDocument (string,bool)
UnityEditor.Search.SearchIndexEntryImporter:OnImportAsset (UnityEditor.AssetImporters.AssetImportContext)
UnityEditor.AssetImporters.ScriptedImporter:GenerateAssetData (UnityEditor.AssetImporters.AssetImportContext)

Failed to create material drawer ThryRGBAPacker with arguments 'R, G, B, A, 0'
UnityEngine.StackTraceUtility:ExtractStackTrace ()
UnityEngine.DebugLogHandler:LogFormat (UnityEngine.LogType,UnityEngine.Object,string,object[])
UnityEngine.Logger:LogFormat (UnityEngine.LogType,string,object[])
UnityEngine.Debug:LogWarningFormat (string,object[])
UnityEditor.MaterialPropertyHandler:GetShaderPropertyDrawer (string,bool&)
UnityEditor.MaterialPropertyHandler:GetShaderPropertyHandler (UnityEngine.Shader,string)
UnityEditor.MaterialPropertyHandler:GetHandler (UnityEngine.Shader,string)
UnityEditor.MaterialEditor:ApplyMaterialPropertyDrawers (UnityEngine.Object[])
UnityEditor.MaterialEditor:ApplyMaterialPropertyDrawersFromNative (UnityEngine.Material)
UnityEditor.ShaderUtil:GetMaterialProperties (UnityEngine.Object[])
UnityEditor.MaterialEditor:GetMaterialProperties (UnityEngine.Object[])
UnityEditor.Search.IndexerExtensions:MaterialShaderReferences (UnityEditor.Search.CustomObjectIndexerTarget,UnityEditor.Search.ObjectIndexer)
UnityEditor.Search.ObjectIndexer:CallCustomIndexers (string,int,UnityEngine.Object,UnityEditor.SerializedObject,bool)
UnityEditor.Search.ObjectIndexer:IndexCustomProperties (string,int,UnityEngine.Object)
UnityEditor.Search.AssetIndexer:IndexProperties (int&,string&,bool&)
UnityEditor.Search.AssetIndexer:IndexDocument (string,bool)
UnityEditor.Search.SearchIndexEntryImporter:OnImportAsset (UnityEditor.AssetImporters.AssetImportContext)
UnityEditor.AssetImporters.ScriptedImporter:GenerateAssetData (UnityEditor.AssetImporters.AssetImportContext)

Failed to create material drawer ThryRGBAPacker with arguments 'R, G, B, A, 0'
UnityEngine.StackTraceUtility:ExtractStackTrace ()
UnityEngine.DebugLogHandler:LogFormat (UnityEngine.LogType,UnityEngine.Object,string,object[])
UnityEngine.Logger:LogFormat (UnityEngine.LogType,string,object[])
UnityEngine.Debug:LogWarningFormat (string,object[])
UnityEditor.MaterialPropertyHandler:GetShaderPropertyDrawer (string,bool&)
UnityEditor.MaterialPropertyHandler:GetShaderPropertyHandler (UnityEngine.Shader,string)
UnityEditor.MaterialPropertyHandler:GetHandler (UnityEngine.Shader,string)
UnityEditor.MaterialEditor:ApplyMaterialPropertyDrawers (UnityEngine.Object[])
UnityEditor.MaterialEditor:ApplyMaterialPropertyDrawersFromNative (UnityEngine.Material)
UnityEditor.ShaderUtil:GetMaterialProperties (UnityEngine.Object[])
UnityEditor.MaterialEditor:GetMaterialProperties (UnityEngine.Object[])
UnityEditor.Search.IndexerExtensions:MaterialShaderReferences (UnityEditor.Search.CustomObjectIndexerTarget,UnityEditor.Search.ObjectIndexer)
UnityEditor.Search.ObjectIndexer:CallCustomIndexers (string,int,UnityEngine.Object,UnityEditor.SerializedObject,bool)
UnityEditor.Search.ObjectIndexer:IndexCustomProperties (string,int,UnityEngine.Object)
UnityEditor.Search.AssetIndexer:IndexProperties (int&,string&,bool&)
UnityEditor.Search.AssetIndexer:IndexDocument (string,bool)
UnityEditor.Search.SearchIndexEntryImporter:OnImportAsset (UnityEditor.AssetImporters.AssetImportContext)
UnityEditor.AssetImporters.ScriptedImporter:GenerateAssetData (UnityEditor.AssetImporters.AssetImportContext)

Failed to create material drawer ThryRGBAPacker with arguments 'R, G, B, A, 0'
UnityEngine.StackTraceUtility:ExtractStackTrace ()
UnityEngine.DebugLogHandler:LogFormat (UnityEngine.LogType,UnityEngine.Object,string,object[])
UnityEngine.Logger:LogFormat (UnityEngine.LogType,string,object[])
UnityEngine.Debug:LogWarningFormat (string,object[])
UnityEditor.MaterialPropertyHandler:GetShaderPropertyDrawer (string,bool&)
UnityEditor.MaterialPropertyHandler:GetShaderPropertyHandler (UnityEngine.Shader,string)
UnityEditor.MaterialPropertyHandler:GetHandler (UnityEngine.Shader,string)
UnityEditor.MaterialEditor:ApplyMaterialPropertyDrawers (UnityEngine.Object[])
UnityEditor.MaterialEditor:ApplyMaterialPropertyDrawersFromNative (UnityEngine.Material)
UnityEditor.ShaderUtil:GetMaterialProperties (UnityEngine.Object[])
UnityEditor.MaterialEditor:GetMaterialProperties (UnityEngine.Object[])
UnityEditor.Search.IndexerExtensions:MaterialShaderReferences (UnityEditor.Search.CustomObjectIndexerTarget,UnityEditor.Search.ObjectIndexer)
UnityEditor.Search.ObjectIndexer:CallCustomIndexers (string,int,UnityEngine.Object,UnityEditor.SerializedObject,bool)
UnityEditor.Search.ObjectIndexer:IndexCustomProperties (string,int,UnityEngine.Object)
UnityEditor.Search.AssetIndexer:IndexProperties (int&,string&,bool&)
UnityEditor.Search.AssetIndexer:IndexDocument (string,bool)
UnityEditor.Search.SearchIndexEntryImporter:OnImportAsset (UnityEditor.AssetImporters.AssetImportContext)
UnityEditor.AssetImporters.ScriptedImporter:GenerateAssetData (UnityEditor.AssetImporters.AssetImportContext)

Failed to create material drawer ThryRGBAPacker with arguments '1, RGB Color, A Offset, 1'
UnityEngine.StackTraceUtility:ExtractStackTrace ()
UnityEngine.DebugLogHandler:LogFormat (UnityEngine.LogType,UnityEngine.Object,string,object[])
UnityEngine.Logger:LogFormat (UnityEngine.LogType,string,object[])
UnityEngine.Debug:LogWarningFormat (string,object[])
UnityEditor.MaterialPropertyHandler:GetShaderPropertyDrawer (string,bool&)
UnityEditor.MaterialPropertyHandler:GetShaderPropertyHandler (UnityEngine.Shader,string)
UnityEditor.MaterialPropertyHandler:GetHandler (UnityEngine.Shader,string)
UnityEditor.MaterialEditor:ApplyMaterialPropertyDrawers (UnityEngine.Object[])
UnityEditor.MaterialEditor:ApplyMaterialPropertyDrawersFromNative (UnityEngine.Material)
UnityEditor.ShaderUtil:GetMaterialProperties (UnityEngine.Object[])
UnityEditor.MaterialEditor:GetMaterialProperties (UnityEngine.Object[])
UnityEditor.Search.IndexerExtensions:MaterialShaderReferences (UnityEditor.Search.CustomObjectIndexerTarget,UnityEditor.Search.ObjectIndexer)
UnityEditor.Search.ObjectIndexer:CallCustomIndexers (string,int,UnityEngine.Object,UnityEditor.SerializedObject,bool)
UnityEditor.Search.ObjectIndexer:IndexCustomProperties (string,int,UnityEngine.Object)
UnityEditor.Search.AssetIndexer:IndexProperties (int&,string&,bool&)
UnityEditor.Search.AssetIndexer:IndexDocument (string,bool)
UnityEditor.Search.SearchIndexEntryImporter:OnImportAsset (UnityEditor.AssetImporters.AssetImportContext)
UnityEditor.AssetImporters.ScriptedImporter:GenerateAssetData (UnityEditor.AssetImporters.AssetImportContext)

Failed to create material drawer ThryRGBAPacker with arguments '1, Mask, Bias, 1'
UnityEngine.StackTraceUtility:ExtractStackTrace ()
UnityEngine.DebugLogHandler:LogFormat (UnityEngine.LogType,UnityEngine.Object,string,object[])
UnityEngine.Logger:LogFormat (UnityEngine.LogType,string,object[])
UnityEngine.Debug:LogWarningFormat (string,object[])
UnityEditor.MaterialPropertyHandler:GetShaderPropertyDrawer (string,bool&)
UnityEditor.MaterialPropertyHandler:GetShaderPropertyHandler (UnityEngine.Shader,string)
UnityEditor.MaterialPropertyHandler:GetHandler (UnityEngine.Shader,string)
UnityEditor.MaterialEditor:ApplyMaterialPropertyDrawers (UnityEngine.Object[])
UnityEditor.MaterialEditor:ApplyMaterialPropertyDrawersFromNative (UnityEngine.Material)
UnityEditor.ShaderUtil:GetMaterialProperties (UnityEngine.Object[])
UnityEditor.MaterialEditor:GetMaterialProperties (UnityEngine.Object[])
UnityEditor.Search.IndexerExtensions:MaterialShaderReferences (UnityEditor.Search.CustomObjectIndexerTarget,UnityEditor.Search.ObjectIndexer)
UnityEditor.Search.ObjectIndexer:CallCustomIndexers (string,int,UnityEngine.Object,UnityEditor.SerializedObject,bool)
UnityEditor.Search.ObjectIndexer:IndexCustomProperties (string,int,UnityEngine.Object)
UnityEditor.Search.AssetIndexer:IndexProperties (int&,string&,bool&)
UnityEditor.Search.AssetIndexer:IndexDocument (string,bool)
UnityEditor.Search.SearchIndexEntryImporter:OnImportAsset (UnityEditor.AssetImporters.AssetImportContext)
UnityEditor.AssetImporters.ScriptedImporter:GenerateAssetData (UnityEditor.AssetImporters.AssetImportContext)

Failed to create material drawer ThryRGBAPacker with arguments '1, Mask, Bias, 1'
UnityEngine.StackTraceUtility:ExtractStackTrace ()
UnityEngine.DebugLogHandler:LogFormat (UnityEngine.LogType,UnityEngine.Object,string,object[])
UnityEngine.Logger:LogFormat (UnityEngine.LogType,string,object[])
UnityEngine.Debug:LogWarningFormat (string,object[])
UnityEditor.MaterialPropertyHandler:GetShaderPropertyDrawer (string,bool&)
UnityEditor.MaterialPropertyHandler:GetShaderPropertyHandler (UnityEngine.Shader,string)
UnityEditor.MaterialPropertyHandler:GetHandler (UnityEngine.Shader,string)
UnityEditor.MaterialEditor:ApplyMaterialPropertyDrawers (UnityEngine.Object[])
UnityEditor.MaterialEditor:ApplyMaterialPropertyDrawersFromNative (UnityEngine.Material)
UnityEditor.ShaderUtil:GetMaterialProperties (UnityEngine.Object[])
UnityEditor.MaterialEditor:GetMaterialProperties (UnityEngine.Object[])
UnityEditor.Search.IndexerExtensions:MaterialShaderReferences (UnityEditor.Search.CustomObjectIndexerTarget,UnityEditor.Search.ObjectIndexer)
UnityEditor.Search.ObjectIndexer:CallCustomIndexers (string,int,UnityEngine.Object,UnityEditor.SerializedObject,bool)
UnityEditor.Search.ObjectIndexer:IndexCustomProperties (string,int,UnityEngine.Object)
UnityEditor.Search.AssetIndexer:IndexProperties (int&,string&,bool&)
UnityEditor.Search.AssetIndexer:IndexDocument (string,bool)
UnityEditor.Search.SearchIndexEntryImporter:OnImportAsset (UnityEditor.AssetImporters.AssetImportContext)
UnityEditor.AssetImporters.ScriptedImporter:GenerateAssetData (UnityEditor.AssetImporters.AssetImportContext)

Failed to create material drawer ThryRGBAPacker with arguments '1, RGB Color, A Mask, 1'
UnityEngine.StackTraceUtility:ExtractStackTrace ()
UnityEngine.DebugLogHandler:LogFormat (UnityEngine.LogType,UnityEngine.Object,string,object[])
UnityEngine.Logger:LogFormat (UnityEngine.LogType,string,object[])
UnityEngine.Debug:LogWarningFormat (string,object[])
UnityEditor.MaterialPropertyHandler:GetShaderPropertyDrawer (string,bool&)
UnityEditor.MaterialPropertyHandler:GetShaderPropertyHandler (UnityEngine.Shader,string)
UnityEditor.MaterialPropertyHandler:GetHandler (UnityEngine.Shader,string)
UnityEditor.MaterialEditor:ApplyMaterialPropertyDrawers (UnityEngine.Object[])
UnityEditor.MaterialEditor:ApplyMaterialPropertyDrawersFromNative (UnityEngine.Material)
UnityEditor.ShaderUtil:GetMaterialProperties (UnityEngine.Object[])
UnityEditor.MaterialEditor:GetMaterialProperties (UnityEngine.Object[])
UnityEditor.Search.IndexerExtensions:MaterialShaderReferences (UnityEditor.Search.CustomObjectIndexerTarget,UnityEditor.Search.ObjectIndexer)
UnityEditor.Search.ObjectIndexer:CallCustomIndexers (string,int,UnityEngine.Object,UnityEditor.SerializedObject,bool)
UnityEditor.Search.ObjectIndexer:IndexCustomProperties (string,int,UnityEngine.Object)
UnityEditor.Search.AssetIndexer:IndexProperties (int&,string&,bool&)
UnityEditor.Search.AssetIndexer:IndexDocument (string,bool)
UnityEditor.Search.SearchIndexEntryImporter:OnImportAsset (UnityEditor.AssetImporters.AssetImportContext)
UnityEditor.AssetImporters.ScriptedImporter:GenerateAssetData (UnityEditor.AssetImporters.AssetImportContext)

Failed to create material drawer ThryRGBAPacker with arguments '1, RGB Color, A Mask, 1'
UnityEngine.StackTraceUtility:ExtractStackTrace ()
UnityEngine.DebugLogHandler:LogFormat (UnityEngine.LogType,UnityEngine.Object,string,object[])
UnityEngine.Logger:LogFormat (UnityEngine.LogType,string,object[])
UnityEngine.Debug:LogWarningFormat (string,object[])
UnityEditor.MaterialPropertyHandler:GetShaderPropertyDrawer (string,bool&)
UnityEditor.MaterialPropertyHandler:GetShaderPropertyHandler (UnityEngine.Shader,string)
UnityEditor.MaterialPropertyHandler:GetHandler (UnityEngine.Shader,string)
UnityEditor.MaterialEditor:ApplyMaterialPropertyDrawers (UnityEngine.Object[])
UnityEditor.MaterialEditor:ApplyMaterialPropertyDrawersFromNative (UnityEngine.Material)
UnityEditor.ShaderUtil:GetMaterialProperties (UnityEngine.Object[])
UnityEditor.MaterialEditor:GetMaterialProperties (UnityEngine.Object[])
UnityEditor.Search.IndexerExtensions:MaterialShaderReferences (UnityEditor.Search.CustomObjectIndexerTarget,UnityEditor.Search.ObjectIndexer)
UnityEditor.Search.ObjectIndexer:CallCustomIndexers (string,int,UnityEngine.Object,UnityEditor.SerializedObject,bool)
UnityEditor.Search.ObjectIndexer:IndexCustomProperties (string,int,UnityEngine.Object)
UnityEditor.Search.AssetIndexer:IndexProperties (int&,string&,bool&)
UnityEditor.Search.AssetIndexer:IndexDocument (string,bool)
UnityEditor.Search.SearchIndexEntryImporter:OnImportAsset (UnityEditor.AssetImporters.AssetImportContext)
UnityEditor.AssetImporters.ScriptedImporter:GenerateAssetData (UnityEditor.AssetImporters.AssetImportContext)

 -> (artifact id: '5bed14b7a0e348c525d22058c8086aca') in 4.964233 seconds
Number of updated asset objects reloaded before import = 0
Number of asset objects unloaded after import = 4
========================================================================
Received Import Request.
  Time since last request: 0.017790 seconds.
  path: Assets/_PoiyomiShaders/Scripts/ThryEditor/Editor/GUIHelper.cs
  artifactKey: Guid(86ee0d31fc0c2e740bb6237d6281a257) Importer(2089858483,0ecaa5967403d082aa24f35e1b516d23)
Start importing Assets/_PoiyomiShaders/Scripts/ThryEditor/Editor/GUIHelper.cs using Guid(86ee0d31fc0c2e740bb6237d6281a257) Importer(2089858483,0ecaa5967403d082aa24f35e1b516d23)  -> (artifact id: 'f6aa395c88f6076b993c9623b450fe4f') in 0.019896 seconds
Number of updated asset objects reloaded before import = 0
Number of asset objects unloaded after import = 1
========================================================================
Received Import Request.
  Time since last request: 0.000034 seconds.
  path: Assets/_PoiyomiShaders/Scripts/ThryEditor/Editor/ShaderOptimizer.cs
  artifactKey: Guid(01a32216cdf0b0e44af9eb3d82fff780) Importer(2089858483,0ecaa5967403d082aa24f35e1b516d23)
Start importing Assets/_PoiyomiShaders/Scripts/ThryEditor/Editor/ShaderOptimizer.cs using Guid(01a32216cdf0b0e44af9eb3d82fff780) Importer(2089858483,0ecaa5967403d082aa24f35e1b516d23)  -> (artifact id: '761b111878510fc15cd25a4259b600db') in 0.006768 seconds
Number of updated asset objects reloaded before import = 0
Number of asset objects unloaded after import = 1
========================================================================
Received Import Request.
  Time since last request: 0.000035 seconds.
  path: Assets/_PoiyomiShaders/Presets/Shading/ClearCoat/MP_ClearCoatShiny.mat
  artifactKey: Guid(6382f88be2e476c4eaedf94602a16b32) Importer(2089858483,0ecaa5967403d082aa24f35e1b516d23)
Start importing Assets/_PoiyomiShaders/Presets/Shading/ClearCoat/MP_ClearCoatShiny.mat using Guid(6382f88be2e476c4eaedf94602a16b32) Importer(2089858483,0ecaa5967403d082aa24f35e1b516d23)  -> (artifact id: '20aee53ce977d7f86d6906cceff32d62') in 2.321211 seconds
Number of updated asset objects reloaded before import = 0
Number of asset objects unloaded after import = 4
========================================================================
Received Import Request.
  Time since last request: 0.000038 seconds.
  path: Assets/_PoiyomiShaders/Scripts/ThryEditor/Editor/DecalSceneTool.cs
  artifactKey: Guid(fb3317a00dd9b67489080c22e05f8102) Importer(2089858483,0ecaa5967403d082aa24f35e1b516d23)
Start importing Assets/_PoiyomiShaders/Scripts/ThryEditor/Editor/DecalSceneTool.cs using Guid(fb3317a00dd9b67489080c22e05f8102) Importer(2089858483,0ecaa5967403d082aa24f35e1b516d23)  -> (artifact id: 'df40841939fa0299865277130cb15aae') in 0.010045 seconds
Number of updated asset objects reloaded before import = 0
Number of asset objects unloaded after import = 1
========================================================================
Received Import Request.
  Time since last request: 0.000070 seconds.
  path: Assets/_PoiyomiShaders/Scripts/poi-tools/Editor/ModularShadersForThryEditor.cs
  artifactKey: Guid(12534868408622345b4b28593072d396) Importer(2089858483,0ecaa5967403d082aa24f35e1b516d23)
Start importing Assets/_PoiyomiShaders/Scripts/poi-tools/Editor/ModularShadersForThryEditor.cs using Guid(12534868408622345b4b28593072d396) Importer(2089858483,0ecaa5967403d082aa24f35e1b516d23)  -> (artifact id: 'be0ed05890fc580c924129685ce8f6c9') in 0.012234 seconds
Number of updated asset objects reloaded before import = 0
Number of asset objects unloaded after import = 1
========================================================================
Received Import Request.
  Time since last request: 0.000034 seconds.
  path: Assets/_PoiyomiShaders/Presets/SpecialFX/Pathing/50 by 50 orthogonal maze 3.png
  artifactKey: Guid(792953ce39b060247a0e7f5f41ff47df) Importer(2089858483,0ecaa5967403d082aa24f35e1b516d23)
Start importing Assets/_PoiyomiShaders/Presets/SpecialFX/Pathing/50 by 50 orthogonal maze 3.png using Guid(792953ce39b060247a0e7f5f41ff47df) Importer(2089858483,0ecaa5967403d082aa24f35e1b516d23)  -> (artifact id: '7a848b7df6fc066c4a459e499933b322') in 0.036481 seconds
Number of updated asset objects reloaded before import = 0
Number of asset objects unloaded after import = 1
========================================================================
Received Import Request.
  Time since last request: 0.000037 seconds.
  path: Assets/_PoiyomiShaders/Scripts/Editor/ModularShaderSystem/ShaderStringBuilderExtensions.cs
  artifactKey: Guid(b54ed470e6719864790dc791d7ce05ab) Importer(2089858483,0ecaa5967403d082aa24f35e1b516d23)
Start importing Assets/_PoiyomiShaders/Scripts/Editor/ModularShaderSystem/ShaderStringBuilderExtensions.cs using Guid(b54ed470e6719864790dc791d7ce05ab) Importer(2089858483,0ecaa5967403d082aa24f35e1b516d23)  -> (artifact id: '88a4ea169e2c0c5b6bf02fd3f8250f3e') in 0.008355 seconds
Number of updated asset objects reloaded before import = 0
Number of asset objects unloaded after import = 1
========================================================================
Received Import Request.
  Time since last request: 0.000040 seconds.
  path: Assets/_PoiyomiShaders/Presets/Shading/Lighting/MP_Lighting_HardToon.mat
  artifactKey: Guid(b84dedf1d78543840bd79dea015df1bc) Importer(2089858483,0ecaa5967403d082aa24f35e1b516d23)
Start importing Assets/_PoiyomiShaders/Presets/Shading/Lighting/MP_Lighting_HardToon.mat using Guid(b84dedf1d78543840bd79dea015df1bc) Importer(2089858483,0ecaa5967403d082aa24f35e1b516d23)  -> (artifact id: '6c0ec04b3ba268eac5b3f7a6116ffe91') in 2.309195 seconds
Number of updated asset objects reloaded before import = 0
Number of asset objects unloaded after import = 4
========================================================================
Received Import Request.
  Time since last request: 0.000033 seconds.
  path: Assets/_PoiyomiShaders/Shaders/8.2/Pro/Poiyomi Pro Tessellated.shader
  artifactKey: Guid(10d401fddf61c5f489779d20deb5f4f3) Importer(2089858483,0ecaa5967403d082aa24f35e1b516d23)
Start importing Assets/_PoiyomiShaders/Shaders/8.2/Pro/Poiyomi Pro Tessellated.shader using Guid(10d401fddf61c5f489779d20deb5f4f3) Importer(2089858483,0ecaa5967403d082aa24f35e1b516d23)  -> (artifact id: '068f6b9dba76b30ea53c07fd08130e4a') in 0.108907 seconds
Number of updated asset objects reloaded before import = 0
Number of asset objects unloaded after import = 1
========================================================================
Received Import Request.
  Time since last request: 0.000037 seconds.
  path: Assets/_PoiyomiShaders/Shaders/8.1/Pro/Poiyomi Pro World.shader
  artifactKey: Guid(7b930b87172049241bbd94d0763b9c48) Importer(2089858483,0ecaa5967403d082aa24f35e1b516d23)
Start importing Assets/_PoiyomiShaders/Shaders/8.1/Pro/Poiyomi Pro World.shader using Guid(7b930b87172049241bbd94d0763b9c48) Importer(2089858483,0ecaa5967403d082aa24f35e1b516d23)  -> (artifact id: 'f45b9e6da1185869b243dd7a0b6b6026') in 0.116822 seconds
Number of updated asset objects reloaded before import = 0
Number of asset objects unloaded after import = 1
========================================================================
Received Import Request.
  Time since last request: 0.000036 seconds.
  path: Assets/_PoiyomiShaders/Shaders/8.2/Pro/Poiyomi Pro ShatterWave.shader
  artifactKey: Guid(9e60d6a1e7945f04c86d4e12d32606c5) Importer(2089858483,0ecaa5967403d082aa24f35e1b516d23)
Start importing Assets/_PoiyomiShaders/Shaders/8.2/Pro/Poiyomi Pro ShatterWave.shader using Guid(9e60d6a1e7945f04c86d4e12d32606c5) Importer(2089858483,0ecaa5967403d082aa24f35e1b516d23)  -> (artifact id: '610425c4a639f491ec3454bed3959a4c') in 0.116669 seconds
Number of updated asset objects reloaded before import = 0
Number of asset objects unloaded after import = 1
========================================================================
Received Import Request.
  Time since last request: 0.024057 seconds.
  path: Assets/_PoiyomiShaders/Shaders/8.2/Pro/Poiyomi Pro Wireframe.shader
  artifactKey: Guid(07de1c4e011a8404d87a58941b2f27ac) Importer(2089858483,0ecaa5967403d082aa24f35e1b516d23)
Start importing Assets/_PoiyomiShaders/Shaders/8.2/Pro/Poiyomi Pro Wireframe.shader using Guid(07de1c4e011a8404d87a58941b2f27ac) Importer(2089858483,0ecaa5967403d082aa24f35e1b516d23)  -> (artifact id: 'a5006674e2ad3cda9d378a4373d49f28') in 0.128859 seconds
Number of updated asset objects reloaded before import = 0
Number of asset objects unloaded after import = 1
========================================================================
Received Import Request.
  Time since last request: 0.000027 seconds.
  path: Assets/_PoiyomiShaders/Shaders/7.3/Patreon/Test.unity
  artifactKey: Guid(ed94d2d9cf8a1db4eb20cc41e292222d) Importer(2089858483,0ecaa5967403d082aa24f35e1b516d23)
Start importing Assets/_PoiyomiShaders/Shaders/7.3/Patreon/Test.unity using Guid(ed94d2d9cf8a1db4eb20cc41e292222d) Importer(2089858483,0ecaa5967403d082aa24f35e1b516d23)  -> (artifact id: 'c5a583f81baac68c66ecd7a4aa945d62') in 0.008877 seconds
Number of updated asset objects reloaded before import = 0
Number of asset objects unloaded after import = 1
========================================================================
Received Import Request.
  Time since last request: 0.000026 seconds.
  path: Assets/_PoiyomiShaders/Shaders/7.3/Includes/CGI_PoiUVDistortion.cginc
  artifactKey: Guid(c9b4d7ab88c2e8d4b8f84f0a57b9ca97) Importer(2089858483,0ecaa5967403d082aa24f35e1b516d23)
Start importing Assets/_PoiyomiShaders/Shaders/7.3/Includes/CGI_PoiUVDistortion.cginc using Guid(c9b4d7ab88c2e8d4b8f84f0a57b9ca97) Importer(2089858483,0ecaa5967403d082aa24f35e1b516d23)  -> (artifact id: '634cec9cfefb36761b52b81f6dd48bb3') in 0.007403 seconds
Number of updated asset objects reloaded before import = 0
Number of asset objects unloaded after import = 1
========================================================================
Received Import Request.
  Time since last request: 0.000026 seconds.
  path: Assets/_PoiyomiShaders/Shaders/8.1/Pro/Poiyomi Pro Geometric Dissolve.shader
  artifactKey: Guid(4a841eb4abb430540aea4b3bd4c88391) Importer(2089858483,0ecaa5967403d082aa24f35e1b516d23)
Start importing Assets/_PoiyomiShaders/Shaders/8.1/Pro/Poiyomi Pro Geometric Dissolve.shader using Guid(4a841eb4abb430540aea4b3bd4c88391) Importer(2089858483,0ecaa5967403d082aa24f35e1b516d23)  -> (artifact id: 'ffd8ee4f7bb01e407b68bf7672808f30') in 0.142611 seconds
Number of updated asset objects reloaded before import = 0
Number of asset objects unloaded after import = 1
========================================================================
Received Import Request.
  Time since last request: 0.000030 seconds.
  path: Assets/_PoiyomiShaders/Shaders/8.1/Pro/Poiyomi Pro Wireframe.shader
  artifactKey: Guid(2563639dc423a614ca32d0f5b9be867e) Importer(2089858483,0ecaa5967403d082aa24f35e1b516d23)
Start importing Assets/_PoiyomiShaders/Shaders/8.1/Pro/Poiyomi Pro Wireframe.shader using Guid(2563639dc423a614ca32d0f5b9be867e) Importer(2089858483,0ecaa5967403d082aa24f35e1b516d23)  -> (artifact id: '58d3d1271a62a834cbd2b5073bd7f63f') in 0.243187 seconds
Number of updated asset objects reloaded before import = 0
Number of asset objects unloaded after import = 1
========================================================================
Received Import Request.
  Time since last request: 0.000048 seconds.
  path: Assets/_PoiyomiShaders/Shaders/7.3/Patreon/S_WireframeTransparent_PPT_label
  artifactKey: Guid(27b62ee8dbe4e66418c48f1d9d960c5b) Importer(2089858483,0ecaa5967403d082aa24f35e1b516d23)
Start importing Assets/_PoiyomiShaders/Shaders/7.3/Patreon/S_WireframeTransparent_PPT_label using Guid(27b62ee8dbe4e66418c48f1d9d960c5b) Importer(2089858483,0ecaa5967403d082aa24f35e1b516d23)  -> (artifact id: '343320c827b0ae3911c87d0a5638023e') in 0.006949 seconds
Number of updated asset objects reloaded before import = 0
Number of asset objects unloaded after import = 1
========================================================================
Received Import Request.
  Time since last request: 0.000023 seconds.
  path: Assets/_PoiyomiShaders/Shaders/7.3/Patreon/S_T_Cutout_PPCO.shader
  artifactKey: Guid(fff61915d8417f643a0d616e020eb370) Importer(2089858483,0ecaa5967403d082aa24f35e1b516d23)
Start importing Assets/_PoiyomiShaders/Shaders/7.3/Patreon/S_T_Cutout_PPCO.shader using Guid(fff61915d8417f643a0d616e020eb370) Importer(2089858483,0ecaa5967403d082aa24f35e1b516d23)  -> (artifact id: '812c19cd1236232c3f21df5f702eb27a') in 0.028935 seconds
Number of updated asset objects reloaded before import = 0
Number of asset objects unloaded after import = 1
========================================================================
Received Import Request.
  Time since last request: 0.000029 seconds.
  path: Assets/_PoiyomiShaders/Scripts/ThryEditor/Examples/ThryPresetsExample.txt
  artifactKey: Guid(cf52f15671610fa4a80b4ee95174e3cc) Importer(2089858483,0ecaa5967403d082aa24f35e1b516d23)
Start importing Assets/_PoiyomiShaders/Scripts/ThryEditor/Examples/ThryPresetsExample.txt using Guid(cf52f15671610fa4a80b4ee95174e3cc) Importer(2089858483,0ecaa5967403d082aa24f35e1b516d23)  -> (artifact id: 'd400651a96b4190bc59c6176404511bc') in 0.011920 seconds
Number of updated asset objects reloaded before import = 0
Number of asset objects unloaded after import = 1
========================================================================
Received Import Request.
  Time since last request: 0.000032 seconds.
  path: Assets/_PoiyomiShaders/Textures/Noise/T_Smudge_Noise.png
  artifactKey: Guid(e90e0fb9119be9b4db37ee3b86de6440) Importer(2089858483,0ecaa5967403d082aa24f35e1b516d23)
Start importing Assets/_PoiyomiShaders/Textures/Noise/T_Smudge_Noise.png using Guid(e90e0fb9119be9b4db37ee3b86de6440) Importer(2089858483,0ecaa5967403d082aa24f35e1b516d23)  -> (artifact id: '4b05cca9c94de42850cb420404e3373a') in 0.024547 seconds
Number of updated asset objects reloaded before import = 0
Number of asset objects unloaded after import = 1
========================================================================
Received Import Request.
  Time since last request: 0.000039 seconds.
  path: Assets/_PoiyomiShaders/Scripts/ThryEditor/Editor/TexturePacker.cs
  artifactKey: Guid(6a53042ebd3f57f4bbde9bbdf0476081) Importer(2089858483,0ecaa5967403d082aa24f35e1b516d23)
Start importing Assets/_PoiyomiShaders/Scripts/ThryEditor/Editor/TexturePacker.cs using Guid(6a53042ebd3f57f4bbde9bbdf0476081) Importer(2089858483,0ecaa5967403d082aa24f35e1b516d23)  -> (artifact id: '814cd511ea51fc7b9d082f461a7e7033') in 0.025202 seconds
Number of updated asset objects reloaded before import = 0
Number of asset objects unloaded after import = 1
========================================================================
Received Import Request.
  Time since last request: 0.000039 seconds.
  path: Assets/_PoiyomiShaders/Textures/Noise/T_Cloudy_Noise.png
  artifactKey: Guid(39587adffa9ad98488e3d4c7c56a92a9) Importer(2089858483,0ecaa5967403d082aa24f35e1b516d23)
Start importing Assets/_PoiyomiShaders/Textures/Noise/T_Cloudy_Noise.png using Guid(39587adffa9ad98488e3d4c7c56a92a9) Importer(2089858483,0ecaa5967403d082aa24f35e1b516d23)  -> (artifact id: 'b00362c08b19caefbe3ee5d6a709186a') in 0.027948 seconds
Number of updated asset objects reloaded before import = 0
Number of asset objects unloaded after import = 1
========================================================================
Received Import Request.
  Time since last request: 0.000028 seconds.
  path: Assets/_PoiyomiShaders/Textures/Noise/T_Pattern_Noise.jpg
  artifactKey: Guid(e0764bbcb1913ce4eb038fe89988a396) Importer(2089858483,0ecaa5967403d082aa24f35e1b516d23)
Start importing Assets/_PoiyomiShaders/Textures/Noise/T_Pattern_Noise.jpg using Guid(e0764bbcb1913ce4eb038fe89988a396) Importer(2089858483,0ecaa5967403d082aa24f35e1b516d23)  -> (artifact id: '71834fae15c289220c8dade98b98c380') in 0.021570 seconds
Number of updated asset objects reloaded before import = 0
Number of asset objects unloaded after import = 1
========================================================================
Received Import Request.
  Time since last request: 0.000028 seconds.
  path: Assets/_PoiyomiShaders/ModularShader/Editor/Poi_Passes_And_Programs/VRLT_PoiGenericPass.poiTemplate
  artifactKey: Guid(febbce3298c3c0c4d992438299863f92) Importer(2089858483,0ecaa5967403d082aa24f35e1b516d23)
Start importing Assets/_PoiyomiShaders/ModularShader/Editor/Poi_Passes_And_Programs/VRLT_PoiGenericPass.poiTemplate using Guid(febbce3298c3c0c4d992438299863f92) Importer(2089858483,0ecaa5967403d082aa24f35e1b516d23)  -> (artifact id: '14740b141b3754f3ca6612e8c15203c4') in 0.012703 seconds
Number of updated asset objects reloaded before import = 0
Number of asset objects unloaded after import = 1
========================================================================
Received Import Request.
  Time since last request: 0.000041 seconds.
  path: Assets/_PoiyomiShaders/Textures/Ramps/T_Neitri_skin_SR.png
  artifactKey: Guid(6982ddf13e4f7ab4cb10c88cb6ba3ba4) Importer(2089858483,0ecaa5967403d082aa24f35e1b516d23)
Start importing Assets/_PoiyomiShaders/Textures/Ramps/T_Neitri_skin_SR.png using Guid(6982ddf13e4f7ab4cb10c88cb6ba3ba4) Importer(2089858483,0ecaa5967403d082aa24f35e1b516d23)  -> (artifact id: '100125511c5ba0c8709d3ae32196e20b') in 0.016960 seconds
Number of updated asset objects reloaded before import = 0
Number of asset objects unloaded after import = 1
========================================================================
Received Import Request.
  Time since last request: 0.000063 seconds.
  path: Assets/_PoiyomiShaders/Textures/Noise/T_Voronoi_Noise.png
  artifactKey: Guid(71c08610deb243144888703479205c12) Importer(2089858483,0ecaa5967403d082aa24f35e1b516d23)
Start importing Assets/_PoiyomiShaders/Textures/Noise/T_Voronoi_Noise.png using Guid(71c08610deb243144888703479205c12) Importer(2089858483,0ecaa5967403d082aa24f35e1b516d23)  -> (artifact id: '50d89acdc2491766a293b895119164a4') in 0.032039 seconds
Number of updated asset objects reloaded before import = 0
Number of asset objects unloaded after import = 1
========================================================================
Received Import Request.
  Time since last request: 0.000032 seconds.
  path: Assets/_PoiyomiShaders/Textures/Noise/T_Noise_No (20).jpg
  artifactKey: Guid(50407170ac45a6c49a6044f71e0413c3) Importer(2089858483,0ecaa5967403d082aa24f35e1b516d23)
Start importing Assets/_PoiyomiShaders/Textures/Noise/T_Noise_No (20).jpg using Guid(50407170ac45a6c49a6044f71e0413c3) Importer(2089858483,0ecaa5967403d082aa24f35e1b516d23)  -> (artifact id: '1c5488dd60daa397cecb22b17f04e9f4') in 0.021898 seconds
Number of updated asset objects reloaded before import = 0
Number of asset objects unloaded after import = 1
========================================================================
Received Import Request.
  Time since last request: 0.000030 seconds.
  path: Assets/_PoiyomiShaders/Presets/Shading/Lighting/MP_UTSStyleAdditive.mat
  artifactKey: Guid(263ce9a6f95a3ed4fa4d929f17432957) Importer(2089858483,0ecaa5967403d082aa24f35e1b516d23)
Start importing Assets/_PoiyomiShaders/Presets/Shading/Lighting/MP_UTSStyleAdditive.mat using Guid(263ce9a6f95a3ed4fa4d929f17432957) Importer(2089858483,0ecaa5967403d082aa24f35e1b516d23)  -> (artifact id: '71340a8714121ecf5a68290ce1275721') in 5.401919 seconds
Number of updated asset objects reloaded before import = 0
Number of asset objects unloaded after import = 4
========================================================================
Received Prepare
Begin MonoManager ReloadAssembly
- Loaded All Assemblies, in  0.426 seconds
Refreshing native plugins compatible for Editor in 2.32 ms, found 3 plugins.
Native extension for WindowsStandalone target not found
Native extension for Android target not found
[Package Manager] Server::EnsureServerProcessIsRunning -- launch failed, reason: Unity was launched with the -noUpm command-line argument
[Package Manager] UpmClient::Send -- Unable to send message (not connected to UPM process).
[Package Manager] Cannot connect to Unity Package Manager local server
Mono: successfully reloaded assembly
- Finished resetting the current domain, in  0.835 seconds
Domain Reload Profiling: 1260ms
	BeginReloadAssembly (144ms)
		ExecutionOrderSort (0ms)
		DisableScriptedObjects (4ms)
		BackupInstance (0ms)
		ReleaseScriptingObjects (0ms)
		CreateAndSetChildDomain (40ms)
	RebuildCommonClasses (25ms)
	RebuildNativeTypeToScriptingClass (8ms)
	initialDomainReloadingComplete (23ms)
	LoadAllAssembliesAndSetupDomain (224ms)
		LoadAssemblies (279ms)
		RebuildTransferFunctionScriptingTraits (0ms)
		AnalyzeDomain (19ms)
			TypeCache.Refresh (11ms)
				TypeCache.ScanAssembly (0ms)
			ScanForSourceGeneratedMonoScriptInfo (0ms)
			ResolveRequiredComponents (5ms)
	FinalizeReload (835ms)
		ReleaseScriptCaches (0ms)
		RebuildScriptCaches (0ms)
		SetupLoadedEditorAssemblies (442ms)
			LogAssemblyErrors (0ms)
			InitializePlatformSupportModulesInManaged (25ms)
			SetLoadedEditorAssemblies (4ms)
			RefreshPlugins (0ms)
			BeforeProcessingInitializeOnLoad (74ms)
			ProcessInitializeOnLoadAttributes (305ms)
			ProcessInitializeOnLoadMethodAttributes (27ms)
			AfterProcessingInitializeOnLoad (7ms)
			EditorAssembliesLoaded (0ms)
		ExecutionOrderSort2 (0ms)
		AwakeInstancesAfterBackupRestoration (5ms)
Shader '.poiyomi/Old Versions/Patreon/Tessellation/Outlines Cutout': fallback shader 'Toon/Lit Cutout (Double)' not found
Shader '.poiyomi/Old Versions/Patreon/Tessellation/Transparent': fallback shader 'Toon/Lit Cutout (Double)' not found
Shader '.poiyomi/Old Versions/Patreon/Particle2/Outline Transparent': fallback shader 'Toon/Lit Cutout (Double)' not found
Shader '.poiyomi/Old Versions/Patreon/Wireframe Cutout': fallback shader 'Toon/Lit Cutout (Double)' not found
Shader '.poiyomi/Old Versions/Patreon/Tessellation/Cutout': fallback shader 'Toon/Lit Cutout (Double)' not found
Shader '.poiyomi/Old Versions/Patreon/Particle2/Transparent': fallback shader 'Toon/Lit Cutout (Double)' not found
Shader '.poiyomi/Old Versions/Patreon/Wireframe Transparent': fallback shader 'Toon/Lit Cutout (Double)' not found
Shader '.poiyomi/Old Versions/Patreon/Particle2/Outline Cutout': fallback shader 'Toon/Lit Cutout (Double)' not found
Shader '.poiyomi/Old Versions/Patreon/Particle2/Cutout': fallback shader 'Toon/Lit Cutout (Double)' not found
Refreshing native plugins compatible for Editor in 3.52 ms, found 3 plugins.
Preloading 0 native plugins for Editor in 0.00 ms.
Unloading 3202 Unused Serialized files (Serialized files now loaded: 0)
Unloading 25 unused Assets / (140.6 KB). Loaded Objects now: 3768.
Memory consumption went from 386.5 MB to 386.4 MB.
Total: 9.914200 ms (FindLiveObjects: 0.843800 ms CreateObjectMapping: 0.186700 ms MarkObjects: 8.491100 ms  DeleteObjects: 0.388600 ms)

Prepare: number of updated asset objects reloaded= 0
AssetImportParameters requested are different than current active one (requested -> active):
  custom:container-demuxer-ogg: 62fdf1f143b41e24485cea50d1cbac27 -> 
  custom:video-codec-MediaFoundation-h265: 746d11721c4dcdbdad8f713fa42b33f4 -> 
  custom:video-decoder-ogg-theora: a1e56fd34408186e4bbccfd4996cb3dc -> 
  custom:framework-win-MediaFoundation: 216162199b28c13a410421893ffa2e32 -> 
  custom:CustomObjectIndexerAttribute: 9a22284fe3817be447336de3de66b15e -> 
  custom:container-demuxer-webm: 4f35f7cbe854078d1ac9338744f61a02 -> 
  custom:container-muxer-webm: aa71ff27fc2769a1b78a27578f13a17b -> 
  custom:video-decoder-webm-vp8: 9c59270c3fd7afecdb556c50c9e8de78 -> 
  custom:SearchIndexIgnoredProperties: e643bd26f0fe6173181afceb89e7c659 -> 
  custom:AudioImporter_EditorPlatform: d09bf68614088b80899f8185d706f6e7 -> 
  custom:video-encoder-webm-vp8: eb34c28f22e8b96e1ab97ce403110664 -> 
  custom:audio-decoder-ogg-vorbis: bf7c407c2cedff20999df2af8eb42d56 -> 
  custom:audio-encoder-webm-vorbis: bf7c407c2cedff20999df2af8eb42d56 -> 
========================================================================
Received Prepare
Begin MonoManager ReloadAssembly
- Loaded All Assemblies, in  0.332 seconds
Refreshing native plugins compatible for Editor in 1.52 ms, found 3 plugins.
Native extension for WindowsStandalone target not found
Native extension for Android target not found
[Package Manager] Server::EnsureServerProcessIsRunning -- launch failed, reason: Unity was launched with the -noUpm command-line argument
[Package Manager] UpmClient::Send -- Unable to send message (not connected to UPM process).
[Package Manager] Cannot connect to Unity Package Manager local server
Mono: successfully reloaded assembly
- Finished resetting the current domain, in  0.720 seconds
Domain Reload Profiling: 1051ms
	BeginReloadAssembly (119ms)
		ExecutionOrderSort (0ms)
		DisableScriptedObjects (3ms)
		BackupInstance (0ms)
		ReleaseScriptingObjects (0ms)
		CreateAndSetChildDomain (30ms)
	RebuildCommonClasses (25ms)
	RebuildNativeTypeToScriptingClass (8ms)
	initialDomainReloadingComplete (22ms)
	LoadAllAssembliesAndSetupDomain (156ms)
		LoadAssemblies (199ms)
		RebuildTransferFunctionScriptingTraits (0ms)
		AnalyzeDomain (18ms)
			TypeCache.Refresh (8ms)
				TypeCache.ScanAssembly (1ms)
			ScanForSourceGeneratedMonoScriptInfo (5ms)
			ResolveRequiredComponents (4ms)
	FinalizeReload (720ms)
		ReleaseScriptCaches (0ms)
		RebuildScriptCaches (0ms)
		SetupLoadedEditorAssemblies (385ms)
			LogAssemblyErrors (0ms)
			InitializePlatformSupportModulesInManaged (20ms)
			SetLoadedEditorAssemblies (4ms)
			RefreshPlugins (0ms)
			BeforeProcessingInitializeOnLoad (61ms)
			ProcessInitializeOnLoadAttributes (268ms)
			ProcessInitializeOnLoadMethodAttributes (26ms)
			AfterProcessingInitializeOnLoad (7ms)
			EditorAssembliesLoaded (0ms)
		ExecutionOrderSort2 (0ms)
		AwakeInstancesAfterBackupRestoration (5ms)
Shader '.poiyomi/Old Versions/Patreon/Tessellation/Outlines Cutout': fallback shader 'Toon/Lit Cutout (Double)' not found
Shader '.poiyomi/Old Versions/Patreon/Tessellation/Transparent': fallback shader 'Toon/Lit Cutout (Double)' not found
Shader '.poiyomi/Old Versions/Patreon/Particle2/Outline Transparent': fallback shader 'Toon/Lit Cutout (Double)' not found
Shader '.poiyomi/Old Versions/Patreon/Wireframe Cutout': fallback shader 'Toon/Lit Cutout (Double)' not found
Shader '.poiyomi/Old Versions/Patreon/Tessellation/Cutout': fallback shader 'Toon/Lit Cutout (Double)' not found
Shader '.poiyomi/Old Versions/Patreon/Particle2/Transparent': fallback shader 'Toon/Lit Cutout (Double)' not found
Shader '.poiyomi/Old Versions/Patreon/Wireframe Transparent': fallback shader 'Toon/Lit Cutout (Double)' not found
Shader '.poiyomi/Old Versions/Patreon/Particle2/Outline Cutout': fallback shader 'Toon/Lit Cutout (Double)' not found
Shader '.poiyomi/Old Versions/Patreon/Particle2/Cutout': fallback shader 'Toon/Lit Cutout (Double)' not found
Refreshing native plugins compatible for Editor in 1.69 ms, found 3 plugins.
Preloading 0 native plugins for Editor in 0.00 ms.
Unloading 3203 Unused Serialized files (Serialized files now loaded: 0)
Unloading 25 unused Assets / (140.8 KB). Loaded Objects now: 3771.
Memory consumption went from 388.7 MB to 388.6 MB.
Total: 2.911500 ms (FindLiveObjects: 0.210200 ms CreateObjectMapping: 0.108000 ms MarkObjects: 2.523700 ms  DeleteObjects: 0.068800 ms)

Prepare: number of updated asset objects reloaded= 0
AssetImportParameters requested are different than current active one (requested -> active):
  custom:container-demuxer-ogg: 62fdf1f143b41e24485cea50d1cbac27 -> 
  custom:video-codec-MediaFoundation-h265: 746d11721c4dcdbdad8f713fa42b33f4 -> 
  custom:video-decoder-ogg-theora: a1e56fd34408186e4bbccfd4996cb3dc -> 
  custom:framework-win-MediaFoundation: 216162199b28c13a410421893ffa2e32 -> 
  custom:CustomObjectIndexerAttribute: 9a22284fe3817be447336de3de66b15e -> 
  custom:container-demuxer-webm: 4f35f7cbe854078d1ac9338744f61a02 -> 
  custom:container-muxer-webm: aa71ff27fc2769a1b78a27578f13a17b -> 
  custom:video-decoder-webm-vp8: 9c59270c3fd7afecdb556c50c9e8de78 -> 
  custom:SearchIndexIgnoredProperties: e643bd26f0fe6173181afceb89e7c659 -> 
  custom:AudioImporter_EditorPlatform: d09bf68614088b80899f8185d706f6e7 -> 
  custom:video-encoder-webm-vp8: eb34c28f22e8b96e1ab97ce403110664 -> 
  custom:audio-decoder-ogg-vorbis: bf7c407c2cedff20999df2af8eb42d56 -> 
  custom:audio-encoder-webm-vorbis: bf7c407c2cedff20999df2af8eb42d56 -> 
========================================================================
Received Prepare
Begin MonoManager ReloadAssembly
- Loaded All Assemblies, in  0.352 seconds
Refreshing native plugins compatible for Editor in 1.69 ms, found 3 plugins.
Native extension for WindowsStandalone target not found
Native extension for Android target not found
[Package Manager] Server::EnsureServerProcessIsRunning -- launch failed, reason: Unity was launched with the -noUpm command-line argument
[Package Manager] UpmClient::Send -- Unable to send message (not connected to UPM process).
[Package Manager] Cannot connect to Unity Package Manager local server
Mono: successfully reloaded assembly
- Finished resetting the current domain, in  0.698 seconds
Domain Reload Profiling: 1048ms
	BeginReloadAssembly (127ms)
		ExecutionOrderSort (0ms)
		DisableScriptedObjects (3ms)
		BackupInstance (0ms)
		ReleaseScriptingObjects (0ms)
		CreateAndSetChildDomain (30ms)
	RebuildCommonClasses (25ms)
	RebuildNativeTypeToScriptingClass (8ms)
	initialDomainReloadingComplete (23ms)
	LoadAllAssembliesAndSetupDomain (167ms)
		LoadAssemblies (216ms)
		RebuildTransferFunctionScriptingTraits (0ms)
		AnalyzeDomain (19ms)
			TypeCache.Refresh (9ms)
				TypeCache.ScanAssembly (1ms)
			ScanForSourceGeneratedMonoScriptInfo (5ms)
			ResolveRequiredComponents (4ms)
	FinalizeReload (698ms)
		ReleaseScriptCaches (0ms)
		RebuildScriptCaches (0ms)
		SetupLoadedEditorAssemblies (369ms)
			LogAssemblyErrors (0ms)
			InitializePlatformSupportModulesInManaged (19ms)
			SetLoadedEditorAssemblies (3ms)
			RefreshPlugins (0ms)
			BeforeProcessingInitializeOnLoad (61ms)
			ProcessInitializeOnLoadAttributes (254ms)
			ProcessInitializeOnLoadMethodAttributes (25ms)
			AfterProcessingInitializeOnLoad (6ms)
			EditorAssembliesLoaded (0ms)
		ExecutionOrderSort2 (0ms)
		AwakeInstancesAfterBackupRestoration (4ms)
Shader '.poiyomi/Old Versions/Patreon/Tessellation/Outlines Cutout': fallback shader 'Toon/Lit Cutout (Double)' not found
Shader '.poiyomi/Old Versions/Patreon/Tessellation/Transparent': fallback shader 'Toon/Lit Cutout (Double)' not found
Shader '.poiyomi/Old Versions/Patreon/Particle2/Outline Transparent': fallback shader 'Toon/Lit Cutout (Double)' not found
Shader '.poiyomi/Old Versions/Patreon/Wireframe Cutout': fallback shader 'Toon/Lit Cutout (Double)' not found
Shader '.poiyomi/Old Versions/Patreon/Tessellation/Cutout': fallback shader 'Toon/Lit Cutout (Double)' not found
Shader '.poiyomi/Old Versions/Patreon/Particle2/Transparent': fallback shader 'Toon/Lit Cutout (Double)' not found
Shader '.poiyomi/Old Versions/Patreon/Wireframe Transparent': fallback shader 'Toon/Lit Cutout (Double)' not found
Shader '.poiyomi/Old Versions/Patreon/Particle2/Outline Cutout': fallback shader 'Toon/Lit Cutout (Double)' not found
Shader '.poiyomi/Old Versions/Patreon/Particle2/Cutout': fallback shader 'Toon/Lit Cutout (Double)' not found
Refreshing native plugins compatible for Editor in 1.60 ms, found 3 plugins.
Preloading 0 native plugins for Editor in 0.00 ms.
Unloading 3203 Unused Serialized files (Serialized files now loaded: 0)
Unloading 25 unused Assets / (140.8 KB). Loaded Objects now: 3774.
Memory consumption went from 390.6 MB to 390.5 MB.
Total: 3.149600 ms (FindLiveObjects: 0.266700 ms CreateObjectMapping: 0.085500 ms MarkObjects: 2.733300 ms  DeleteObjects: 0.063100 ms)

Prepare: number of updated asset objects reloaded= 0
AssetImportParameters requested are different than current active one (requested -> active):
  custom:container-demuxer-ogg: 62fdf1f143b41e24485cea50d1cbac27 -> 
  custom:video-codec-MediaFoundation-h265: 746d11721c4dcdbdad8f713fa42b33f4 -> 
  custom:video-decoder-ogg-theora: a1e56fd34408186e4bbccfd4996cb3dc -> 
  custom:framework-win-MediaFoundation: 216162199b28c13a410421893ffa2e32 -> 
  custom:CustomObjectIndexerAttribute: 9a22284fe3817be447336de3de66b15e -> 
  custom:container-demuxer-webm: 4f35f7cbe854078d1ac9338744f61a02 -> 
  custom:container-muxer-webm: aa71ff27fc2769a1b78a27578f13a17b -> 
  custom:video-decoder-webm-vp8: 9c59270c3fd7afecdb556c50c9e8de78 -> 
  custom:SearchIndexIgnoredProperties: e643bd26f0fe6173181afceb89e7c659 -> 
  custom:AudioImporter_EditorPlatform: d09bf68614088b80899f8185d706f6e7 -> 
  custom:video-encoder-webm-vp8: eb34c28f22e8b96e1ab97ce403110664 -> 
  custom:audio-decoder-ogg-vorbis: bf7c407c2cedff20999df2af8eb42d56 -> 
  custom:audio-encoder-webm-vorbis: bf7c407c2cedff20999df2af8eb42d56 -> 
========================================================================
Received Prepare
Begin MonoManager ReloadAssembly
- Loaded All Assemblies, in  0.325 seconds
Refreshing native plugins compatible for Editor in 2.07 ms, found 3 plugins.
Native extension for WindowsStandalone target not found
Native extension for Android target not found
[Package Manager] Server::EnsureServerProcessIsRunning -- launch failed, reason: Unity was launched with the -noUpm command-line argument
[Package Manager] UpmClient::Send -- Unable to send message (not connected to UPM process).
[Package Manager] Cannot connect to Unity Package Manager local server
Mono: successfully reloaded assembly
- Finished resetting the current domain, in  0.716 seconds
Domain Reload Profiling: 1040ms
	BeginReloadAssembly (121ms)
		ExecutionOrderSort (0ms)
		DisableScriptedObjects (3ms)
		BackupInstance (0ms)
		ReleaseScriptingObjects (0ms)
		CreateAndSetChildDomain (27ms)
	RebuildCommonClasses (24ms)
	RebuildNativeTypeToScriptingClass (8ms)
	initialDomainReloadingComplete (22ms)
	LoadAllAssembliesAndSetupDomain (148ms)
		LoadAssemblies (203ms)
		RebuildTransferFunctionScriptingTraits (0ms)
		AnalyzeDomain (11ms)
			TypeCache.Refresh (5ms)
				TypeCache.ScanAssembly (0ms)
			ScanForSourceGeneratedMonoScriptInfo (0ms)
			ResolveRequiredComponents (5ms)
	FinalizeReload (717ms)
		ReleaseScriptCaches (0ms)
		RebuildScriptCaches (0ms)
		SetupLoadedEditorAssemblies (378ms)
			LogAssemblyErrors (0ms)
			InitializePlatformSupportModulesInManaged (19ms)
			SetLoadedEditorAssemblies (3ms)
			RefreshPlugins (0ms)
			BeforeProcessingInitializeOnLoad (61ms)
			ProcessInitializeOnLoadAttributes (262ms)
			ProcessInitializeOnLoadMethodAttributes (26ms)
			AfterProcessingInitializeOnLoad (7ms)
			EditorAssembliesLoaded (0ms)
		ExecutionOrderSort2 (0ms)
		AwakeInstancesAfterBackupRestoration (4ms)
Shader '.poiyomi/Old Versions/Patreon/Tessellation/Outlines Cutout': fallback shader 'Toon/Lit Cutout (Double)' not found
Shader '.poiyomi/Old Versions/Patreon/Tessellation/Transparent': fallback shader 'Toon/Lit Cutout (Double)' not found
Shader '.poiyomi/Old Versions/Patreon/Particle2/Outline Transparent': fallback shader 'Toon/Lit Cutout (Double)' not found
Shader '.poiyomi/Old Versions/Patreon/Wireframe Cutout': fallback shader 'Toon/Lit Cutout (Double)' not found
Shader '.poiyomi/Old Versions/Patreon/Tessellation/Cutout': fallback shader 'Toon/Lit Cutout (Double)' not found
Shader '.poiyomi/Old Versions/Patreon/Particle2/Transparent': fallback shader 'Toon/Lit Cutout (Double)' not found
Shader '.poiyomi/Old Versions/Patreon/Wireframe Transparent': fallback shader 'Toon/Lit Cutout (Double)' not found
Shader '.poiyomi/Old Versions/Patreon/Particle2/Outline Cutout': fallback shader 'Toon/Lit Cutout (Double)' not found
Shader '.poiyomi/Old Versions/Patreon/Particle2/Cutout': fallback shader 'Toon/Lit Cutout (Double)' not found
Refreshing native plugins compatible for Editor in 1.61 ms, found 3 plugins.
Preloading 0 native plugins for Editor in 0.00 ms.
Unloading 3203 Unused Serialized files (Serialized files now loaded: 0)
Unloading 25 unused Assets / (140.7 KB). Loaded Objects now: 3777.
Memory consumption went from 392.6 MB to 392.4 MB.
Total: 2.506900 ms (FindLiveObjects: 0.267300 ms CreateObjectMapping: 0.073200 ms MarkObjects: 2.104400 ms  DeleteObjects: 0.061300 ms)

Prepare: number of updated asset objects reloaded= 0
AssetImportParameters requested are different than current active one (requested -> active):
  custom:container-demuxer-ogg: 62fdf1f143b41e24485cea50d1cbac27 -> 
  custom:video-codec-MediaFoundation-h265: 746d11721c4dcdbdad8f713fa42b33f4 -> 
  custom:video-decoder-ogg-theora: a1e56fd34408186e4bbccfd4996cb3dc -> 
  custom:framework-win-MediaFoundation: 216162199b28c13a410421893ffa2e32 -> 
  custom:CustomObjectIndexerAttribute: 9a22284fe3817be447336de3de66b15e -> 
  custom:container-demuxer-webm: 4f35f7cbe854078d1ac9338744f61a02 -> 
  custom:container-muxer-webm: aa71ff27fc2769a1b78a27578f13a17b -> 
  custom:video-decoder-webm-vp8: 9c59270c3fd7afecdb556c50c9e8de78 -> 
  custom:SearchIndexIgnoredProperties: e643bd26f0fe6173181afceb89e7c659 -> 
  custom:AudioImporter_EditorPlatform: d09bf68614088b80899f8185d706f6e7 -> 
  custom:video-encoder-webm-vp8: eb34c28f22e8b96e1ab97ce403110664 -> 
  custom:audio-decoder-ogg-vorbis: bf7c407c2cedff20999df2af8eb42d56 -> 
  custom:audio-encoder-webm-vorbis: bf7c407c2cedff20999df2af8eb42d56 -> 
========================================================================
Received Prepare
Begin MonoManager ReloadAssembly
- Loaded All Assemblies, in  0.344 seconds
Refreshing native plugins compatible for Editor in 1.78 ms, found 3 plugins.
Native extension for WindowsStandalone target not found
Native extension for Android target not found
[Package Manager] Server::EnsureServerProcessIsRunning -- launch failed, reason: Unity was launched with the -noUpm command-line argument
[Package Manager] UpmClient::Send -- Unable to send message (not connected to UPM process).
[Package Manager] Cannot connect to Unity Package Manager local server
Mono: successfully reloaded assembly
- Finished resetting the current domain, in  0.697 seconds
Domain Reload Profiling: 1040ms
	BeginReloadAssembly (124ms)
		ExecutionOrderSort (0ms)
		DisableScriptedObjects (3ms)
		BackupInstance (0ms)
		ReleaseScriptingObjects (0ms)
		CreateAndSetChildDomain (30ms)
	RebuildCommonClasses (24ms)
	RebuildNativeTypeToScriptingClass (8ms)
	initialDomainReloadingComplete (27ms)
	LoadAllAssembliesAndSetupDomain (159ms)
		LoadAssemblies (207ms)
		RebuildTransferFunctionScriptingTraits (0ms)
		AnalyzeDomain (17ms)
			TypeCache.Refresh (7ms)
				TypeCache.ScanAssembly (0ms)
			ScanForSourceGeneratedMonoScriptInfo (5ms)
			ResolveRequiredComponents (4ms)
	FinalizeReload (698ms)
		ReleaseScriptCaches (0ms)
		RebuildScriptCaches (0ms)
		SetupLoadedEditorAssemblies (365ms)
			LogAssemblyErrors (0ms)
			InitializePlatformSupportModulesInManaged (19ms)
			SetLoadedEditorAssemblies (3ms)
			RefreshPlugins (0ms)
			BeforeProcessingInitializeOnLoad (60ms)
			ProcessInitializeOnLoadAttributes (252ms)
			ProcessInitializeOnLoadMethodAttributes (25ms)
			AfterProcessingInitializeOnLoad (7ms)
			EditorAssembliesLoaded (0ms)
		ExecutionOrderSort2 (0ms)
		AwakeInstancesAfterBackupRestoration (4ms)
Shader '.poiyomi/Old Versions/Patreon/Tessellation/Outlines Cutout': fallback shader 'Toon/Lit Cutout (Double)' not found
Shader '.poiyomi/Old Versions/Patreon/Tessellation/Transparent': fallback shader 'Toon/Lit Cutout (Double)' not found
Shader '.poiyomi/Old Versions/Patreon/Particle2/Outline Transparent': fallback shader 'Toon/Lit Cutout (Double)' not found
Shader '.poiyomi/Old Versions/Patreon/Wireframe Cutout': fallback shader 'Toon/Lit Cutout (Double)' not found
Shader '.poiyomi/Old Versions/Patreon/Tessellation/Cutout': fallback shader 'Toon/Lit Cutout (Double)' not found
Shader '.poiyomi/Old Versions/Patreon/Particle2/Transparent': fallback shader 'Toon/Lit Cutout (Double)' not found
Shader '.poiyomi/Old Versions/Patreon/Wireframe Transparent': fallback shader 'Toon/Lit Cutout (Double)' not found
Shader '.poiyomi/Old Versions/Patreon/Particle2/Outline Cutout': fallback shader 'Toon/Lit Cutout (Double)' not found
Shader '.poiyomi/Old Versions/Patreon/Particle2/Cutout': fallback shader 'Toon/Lit Cutout (Double)' not found
Refreshing native plugins compatible for Editor in 1.76 ms, found 3 plugins.
Preloading 0 native plugins for Editor in 0.00 ms.
Unloading 3203 Unused Serialized files (Serialized files now loaded: 0)
Unloading 25 unused Assets / (140.8 KB). Loaded Objects now: 3780.
Memory consumption went from 394.5 MB to 394.4 MB.
Total: 2.468100 ms (FindLiveObjects: 0.206600 ms CreateObjectMapping: 0.070300 ms MarkObjects: 2.130400 ms  DeleteObjects: 0.060100 ms)

Prepare: number of updated asset objects reloaded= 0
AssetImportParameters requested are different than current active one (requested -> active):
  custom:container-demuxer-ogg: 62fdf1f143b41e24485cea50d1cbac27 -> 
  custom:video-codec-MediaFoundation-h265: 746d11721c4dcdbdad8f713fa42b33f4 -> 
  custom:video-decoder-ogg-theora: a1e56fd34408186e4bbccfd4996cb3dc -> 
  custom:framework-win-MediaFoundation: 216162199b28c13a410421893ffa2e32 -> 
  custom:CustomObjectIndexerAttribute: 9a22284fe3817be447336de3de66b15e -> 
  custom:container-demuxer-webm: 4f35f7cbe854078d1ac9338744f61a02 -> 
  custom:container-muxer-webm: aa71ff27fc2769a1b78a27578f13a17b -> 
  custom:video-decoder-webm-vp8: 9c59270c3fd7afecdb556c50c9e8de78 -> 
  custom:SearchIndexIgnoredProperties: e643bd26f0fe6173181afceb89e7c659 -> 
  custom:AudioImporter_EditorPlatform: d09bf68614088b80899f8185d706f6e7 -> 
  custom:video-encoder-webm-vp8: eb34c28f22e8b96e1ab97ce403110664 -> 
  custom:audio-decoder-ogg-vorbis: bf7c407c2cedff20999df2af8eb42d56 -> 
  custom:audio-encoder-webm-vorbis: bf7c407c2cedff20999df2af8eb42d56 -> 
